<?xml version="1.0" encoding="UTF-8"?>
<!-- Generated by org.testng.reporters.JUnitReportReporter -->
<testsuite hostname="DESKTOP-HMQSJ96" failures="0" tests="1" name="runners.runnerclass" time="6.014" errors="0" timestamp="2023-10-16T12:20:47 IST" skipped="0">
  <testcase classname="runners.runnerclass" name="runScenario" time="6.014"/>
  <system-out/>
</testsuite> <!-- runners.runnerclass -->
